2024-01-25 11:12:59,584 INFO o.a.j.u.JMeterUtils: Setting Locale to en_EN
2024-01-25 11:12:59,627 INFO o.a.j.JMeter: Loading user properties from: user.properties
2024-01-25 11:12:59,628 INFO o.a.j.JMeter: Loading system properties from: system.properties
2024-01-25 11:12:59,645 INFO o.a.j.JMeter: Copyright (c) 1998-2024 The Apache Software Foundation
2024-01-25 11:12:59,645 INFO o.a.j.JMeter: Version 5.6.3
2024-01-25 11:12:59,645 INFO o.a.j.JMeter: java.version=11.0.21
2024-01-25 11:12:59,646 INFO o.a.j.JMeter: java.vm.name=OpenJDK 64-Bit Server VM
2024-01-25 11:12:59,646 INFO o.a.j.JMeter: os.name=Windows 10
2024-01-25 11:12:59,646 INFO o.a.j.JMeter: os.arch=amd64
2024-01-25 11:12:59,646 INFO o.a.j.JMeter: os.version=10.0
2024-01-25 11:12:59,646 INFO o.a.j.JMeter: file.encoding=Cp1252
2024-01-25 11:12:59,646 INFO o.a.j.JMeter: java.awt.headless=true
2024-01-25 11:12:59,646 INFO o.a.j.JMeter: Max memory     =1073741824
2024-01-25 11:12:59,646 INFO o.a.j.JMeter: Available Processors =2
2024-01-25 11:12:59,653 INFO o.a.j.JMeter: Default Locale=English (EN)
2024-01-25 11:12:59,654 INFO o.a.j.JMeter: JMeter  Locale=English (EN)
2024-01-25 11:12:59,654 INFO o.a.j.JMeter: JMeterHome=C:\Users\Admin\Downloads\apache-jmeter-5.6.3\apache-jmeter-5.6.3
2024-01-25 11:12:59,654 INFO o.a.j.JMeter: user.dir  =C:\Users\Admin\Downloads\apache-jmeter-5.6.3\apache-jmeter-5.6.3\bin
2024-01-25 11:12:59,654 INFO o.a.j.JMeter: PWD       =C:\Users\Admin\Downloads\apache-jmeter-5.6.3\apache-jmeter-5.6.3\bin
2024-01-25 11:12:59,656 INFO o.a.j.JMeter: IP: 10.25.97.24 Name: DESKTOP-5QPL10C FullName: DESKTOP-5QPL10C
2024-01-25 11:12:59,670 INFO o.a.j.JMeter: Setting property 'jmeter.reportgenerator.outputdir' to:'C:\Users\Admin\Downloads\apache-jmeter-5.6.3\apache-jmeter-5.6.3\results\capstoneHtml'
2024-01-25 11:12:59,672 INFO o.a.j.s.FileServer: Default base='C:\Users\Admin\Downloads\apache-jmeter-5.6.3\apache-jmeter-5.6.3\bin'
2024-01-25 11:12:59,674 INFO o.a.j.s.FileServer: Set new base='C:\Users\Admin\Downloads\apache-jmeter-5.6.3\apache-jmeter-5.6.3\backups'
2024-01-25 11:12:59,900 INFO o.a.j.s.SaveService: Testplan (JMX) version: 2.2. Testlog (JTL) version: 2.2
2024-01-25 11:12:59,931 INFO o.a.j.s.SaveService: Using SaveService properties version 5.0
2024-01-25 11:12:59,934 INFO o.a.j.s.SaveService: Using SaveService properties file encoding UTF-8
2024-01-25 11:12:59,941 INFO o.a.j.s.SaveService: Loading file: C:\Users\Admin\Downloads\apache-jmeter-5.6.3\apache-jmeter-5.6.3\backups\Capstone.jmx
2024-01-25 11:13:00,028 INFO o.a.j.p.h.s.HTTPSamplerBase: Parser for text/html is org.apache.jmeter.protocol.http.parser.LagartoBasedHtmlParser
2024-01-25 11:13:00,028 INFO o.a.j.p.h.s.HTTPSamplerBase: Parser for application/xhtml+xml is org.apache.jmeter.protocol.http.parser.LagartoBasedHtmlParser
2024-01-25 11:13:00,029 INFO o.a.j.p.h.s.HTTPSamplerBase: Parser for application/xml is org.apache.jmeter.protocol.http.parser.LagartoBasedHtmlParser
2024-01-25 11:13:00,029 INFO o.a.j.p.h.s.HTTPSamplerBase: Parser for text/xml is org.apache.jmeter.protocol.http.parser.LagartoBasedHtmlParser
2024-01-25 11:13:00,029 INFO o.a.j.p.h.s.HTTPSamplerBase: Parser for text/vnd.wap.wml is org.apache.jmeter.protocol.http.parser.RegexpHTMLParser
2024-01-25 11:13:00,029 INFO o.a.j.p.h.s.HTTPSamplerBase: Parser for text/css is org.apache.jmeter.protocol.http.parser.CssParser
2024-01-25 11:13:00,088 INFO o.a.j.JMeter: Creating summariser <summary>
2024-01-25 11:13:00,092 INFO o.a.j.r.d.ReportGenerator: ReportGenerator will use for Parsing the separator: ','
2024-01-25 11:13:00,092 INFO o.a.j.r.d.ReportGenerator: Will generate report at end of test from  results file: C:\Users\Admin\Downloads\apache-jmeter-5.6.3\apache-jmeter-5.6.3\results\capstone.csv
2024-01-25 11:13:00,093 INFO o.a.j.r.d.ReportGenerator: Reading report generator properties from: C:\Users\Admin\Downloads\apache-jmeter-5.6.3\apache-jmeter-5.6.3\bin\reportgenerator.properties
2024-01-25 11:13:00,114 INFO o.a.j.r.d.ReportGenerator: Merging with JMeter properties
2024-01-25 11:13:00,126 INFO o.a.j.r.c.ReportGeneratorConfiguration: Property 'jmeter.reportgenerator.temp_dir' not found, using default value 'temp' instead.
2024-01-25 11:13:00,129 INFO o.a.j.r.c.ReportGeneratorConfiguration: Property 'jmeter.reportgenerator.apdex_per_transaction' not found, using default value 'null' instead.
2024-01-25 11:13:00,129 INFO o.a.j.r.c.ReportGeneratorConfiguration: apdex_per_transaction is empty, not APDEX per transaction customization
2024-01-25 11:13:00,129 INFO o.a.j.r.c.ReportGeneratorConfiguration: Property 'jmeter.reportgenerator.sample_filter' not found, using default value 'null' instead.
2024-01-25 11:13:00,129 INFO o.a.j.r.c.ReportGeneratorConfiguration: Property 'jmeter.reportgenerator.report_title' not found, using default value 'null' instead.
2024-01-25 11:13:00,130 INFO o.a.j.r.c.ReportGeneratorConfiguration: Property 'jmeter.reportgenerator.start_date' not found, using default value 'null' instead.
2024-01-25 11:13:00,130 INFO o.a.j.r.c.ReportGeneratorConfiguration: Property 'jmeter.reportgenerator.end_date' not found, using default value 'null' instead.
2024-01-25 11:13:00,130 INFO o.a.j.r.c.ReportGeneratorConfiguration: Property 'jmeter.reportgenerator.date_format' not found, using default value 'null' instead.
2024-01-25 11:13:00,130 INFO o.a.j.r.c.ReportGeneratorConfiguration: Will use date range start date: null, end date: null
2024-01-25 11:13:00,152 INFO o.a.j.r.c.ReportGeneratorConfiguration: Property 'jmeter.reportgenerator.graph.totalTPS.exclude_controllers' not found, using default value 'false' instead.
2024-01-25 11:13:00,152 INFO o.a.j.r.c.ReportGeneratorConfiguration: Property 'jmeter.reportgenerator.graph.activeThreadsOverTime.exclude_controllers' not found, using default value 'false' instead.
2024-01-25 11:13:00,153 INFO o.a.j.r.c.ReportGeneratorConfiguration: Property 'jmeter.reportgenerator.graph.timeVsThreads.exclude_controllers' not found, using default value 'false' instead.
2024-01-25 11:13:00,153 INFO o.a.j.r.c.ReportGeneratorConfiguration: Property 'jmeter.reportgenerator.graph.responseTimeDistribution.exclude_controllers' not found, using default value 'false' instead.
2024-01-25 11:13:00,154 INFO o.a.j.r.c.ReportGeneratorConfiguration: Property 'jmeter.reportgenerator.graph.transactionsPerSecond.exclude_controllers' not found, using default value 'false' instead.
2024-01-25 11:13:00,154 INFO o.a.j.r.c.ReportGeneratorConfiguration: Property 'jmeter.reportgenerator.graph.responseTimePercentiles.exclude_controllers' not found, using default value 'false' instead.
2024-01-25 11:13:00,154 INFO o.a.j.r.c.ReportGeneratorConfiguration: Property 'jmeter.reportgenerator.graph.responseTimePercentilesOverTime.exclude_controllers' not found, using default value 'false' instead.
2024-01-25 11:13:00,154 INFO o.a.j.r.c.ReportGeneratorConfiguration: Property 'jmeter.reportgenerator.graph.responseTimesOverTime.exclude_controllers' not found, using default value 'false' instead.
2024-01-25 11:13:00,154 INFO o.a.j.r.c.ReportGeneratorConfiguration: Property 'jmeter.reportgenerator.graph.connectTimeOverTime.exclude_controllers' not found, using default value 'false' instead.
2024-01-25 11:13:00,155 INFO o.a.j.r.c.ReportGeneratorConfiguration: Property 'jmeter.reportgenerator.graph.latenciesOverTime.exclude_controllers' not found, using default value 'false' instead.
2024-01-25 11:13:00,156 INFO o.a.j.r.c.ReportGeneratorConfiguration: Property 'jmeter.reportgenerator.exporter.json.filters_only_sample_series' not found, using default value 'true' instead.
2024-01-25 11:13:00,156 INFO o.a.j.r.c.ReportGeneratorConfiguration: Property 'jmeter.reportgenerator.exporter.json.series_filter' not found, using default value '' instead.
2024-01-25 11:13:00,156 INFO o.a.j.r.c.ReportGeneratorConfiguration: Property 'jmeter.reportgenerator.exporter.json.show_controllers_only' not found, using default value 'false' instead.
2024-01-25 11:13:00,156 INFO o.a.j.r.c.ReportGeneratorConfiguration: Property 'jmeter.reportgenerator.exporter.html.filters_only_sample_series' not found, using default value 'true' instead.
2024-01-25 11:13:00,156 INFO o.a.j.r.c.ReportGeneratorConfiguration: Property 'jmeter.reportgenerator.exporter.html.series_filter' not found, using default value '' instead.
2024-01-25 11:13:00,157 INFO o.a.j.r.c.ReportGeneratorConfiguration: Property 'jmeter.reportgenerator.exporter.html.show_controllers_only' not found, using default value 'false' instead.
2024-01-25 11:13:00,170 INFO o.a.j.e.StandardJMeterEngine: Running the test!
2024-01-25 11:13:00,171 INFO o.a.j.s.SampleEvent: List of sample_variables: []
2024-01-25 11:13:00,171 INFO o.a.j.s.SampleEvent: List of sample_variables: []
2024-01-25 11:13:00,181 INFO o.a.j.e.u.CompoundVariable: Note: Function class names must contain the string: '.functions.'
2024-01-25 11:13:00,181 INFO o.a.j.e.u.CompoundVariable: Note: Function class names must not contain the string: '.gui.'
2024-01-25 11:13:00,504 INFO o.a.j.JMeter: Running test (1706161380504)
2024-01-25 11:13:00,534 INFO o.a.j.e.StandardJMeterEngine: Starting ThreadGroup: 1 : ExerciseAPI
2024-01-25 11:13:00,534 INFO o.a.j.e.StandardJMeterEngine: Starting 1 threads for group ExerciseAPI.
2024-01-25 11:13:00,534 INFO o.a.j.e.StandardJMeterEngine: Thread will continue on error
2024-01-25 11:13:00,534 INFO o.a.j.t.ThreadGroup: Starting thread group... number=1 threads=1 ramp-up=1 delayedStart=false
2024-01-25 11:13:00,542 INFO o.a.j.t.ThreadGroup: Started thread group number 1
2024-01-25 11:13:00,543 INFO o.a.j.e.StandardJMeterEngine: All thread groups have been started
2024-01-25 11:13:03,534 INFO o.a.j.t.JMeterThread: Thread started: ExerciseAPI 1-1
2024-01-25 11:13:03,559 INFO o.a.j.p.h.s.HTTPHCAbstractImpl: Local host = DESKTOP-5QPL10C
2024-01-25 11:13:03,567 INFO o.a.j.p.h.s.HTTPHC4Impl: HTTP request retry count = 0
2024-01-25 11:13:03,568 INFO o.a.j.s.SampleResult: Note: Sample TimeStamps are START times
2024-01-25 11:13:03,568 INFO o.a.j.s.SampleResult: sampleresult.default.encoding is set to UTF-8
2024-01-25 11:13:03,568 INFO o.a.j.s.SampleResult: sampleresult.useNanoTime=true
2024-01-25 11:13:03,568 INFO o.a.j.s.SampleResult: sampleresult.nanoThreadSleep=5000
2024-01-25 11:13:03,701 INFO o.a.j.p.h.s.h.LazyLayeredConnectionSocketFactory: Setting up HTTPS TrustAll Socket Factory
2024-01-25 11:13:03,708 INFO o.a.j.u.JsseSSLManager: Using default SSL protocol: TLS
2024-01-25 11:13:03,708 INFO o.a.j.u.JsseSSLManager: SSL session context: per-thread
2024-01-25 11:13:03,847 INFO o.a.j.u.SSLManager: JmeterKeyStore Location:  type JKS
2024-01-25 11:13:03,851 INFO o.a.j.u.SSLManager: KeyStore created OK
2024-01-25 11:13:03,851 WARN o.a.j.u.SSLManager: Keystore file not found, loading empty keystore
2024-01-25 11:13:04,247 INFO o.a.j.r.Summariser: summary +      1 in 00:00:04 =    0.3/s Avg:   549 Min:   549 Max:   549 Err:     0 (0.00%) Active: 1 Started: 1 Finished: 0
2024-01-25 11:13:05,111 INFO o.a.j.t.JMeterThread: Thread is done: ExerciseAPI 1-1
2024-01-25 11:13:05,111 INFO o.a.j.t.JMeterThread: Thread finished: ExerciseAPI 1-1
2024-01-25 11:13:05,113 INFO o.a.j.e.StandardJMeterEngine: Notifying test listeners of end of test
2024-01-25 11:13:05,114 INFO o.a.j.r.Summariser: summary +      2 in 00:00:01 =    2.3/s Avg:   418 Min:   418 Max:   419 Err:     0 (0.00%) Active: 0 Started: 1 Finished: 1
2024-01-25 11:13:05,115 INFO o.a.j.r.Summariser: summary =      3 in 00:00:05 =    0.7/s Avg:   462 Min:   418 Max:   549 Err:     0 (0.00%)
2024-01-25 11:13:05,115 INFO o.a.j.JMeter: Generating Dashboard
2024-01-25 11:13:05,115 INFO o.a.j.r.d.ReportGenerator: Flushing result collector before report Generation
2024-01-25 11:13:05,132 INFO o.a.j.r.p.NormalizerSampleConsumer: Using format, 'ms', to parse timeStamp field
2024-01-25 11:13:05,190 INFO o.a.j.r.p.AbstractSampleConsumer: class org.apache.jmeter.report.processor.AggregateConsumer#stopProducing(): beginDate produced 0 samples
2024-01-25 11:13:05,190 INFO o.a.j.r.p.AbstractSampleConsumer: class org.apache.jmeter.report.processor.AggregateConsumer#stopProducing(): endDate produced 0 samples
2024-01-25 11:13:05,192 INFO o.a.j.r.p.AbstractSampleConsumer: class org.apache.jmeter.report.processor.ApdexSummaryConsumer#stopProducing(): apdexSummary produced 0 samples
2024-01-25 11:13:05,192 INFO o.a.j.r.p.AbstractSampleConsumer: class org.apache.jmeter.report.processor.RequestsSummaryConsumer#stopProducing(): requestsSummary produced 0 samples
2024-01-25 11:13:05,200 INFO o.a.j.r.p.AbstractSampleConsumer: class org.apache.jmeter.report.processor.StatisticsSummaryConsumer#stopProducing(): statisticsSummary produced 0 samples
2024-01-25 11:13:05,201 INFO o.a.j.r.p.AbstractSampleConsumer: class org.apache.jmeter.report.processor.Top5ErrorsBySamplerConsumer#stopProducing(): top5ErrorsBySampler produced 0 samples
2024-01-25 11:13:05,201 INFO o.a.j.r.p.AbstractSampleConsumer: class org.apache.jmeter.report.processor.ErrorsSummaryConsumer#stopProducing(): errorsSummary produced 0 samples
2024-01-25 11:13:05,202 INFO o.a.j.r.p.AbstractSampleConsumer: class org.apache.jmeter.report.processor.graph.impl.HitsPerSecondGraphConsumer#stopProducing(): hitsPerSecond produced 0 samples
2024-01-25 11:13:05,227 INFO o.a.j.r.p.AbstractSampleConsumer: class org.apache.jmeter.report.processor.graph.impl.LatencyVSRequestGraphConsumer#stopProducing(): latencyVsRequest produced 0 samples
2024-01-25 11:13:05,227 INFO o.a.j.r.p.AbstractSampleConsumer: class org.apache.jmeter.report.processor.graph.impl.SyntheticResponseTimeDistributionGraphConsumer#stopProducing(): syntheticResponseTimeDistribution produced 0 samples
2024-01-25 11:13:05,227 INFO o.a.j.r.p.AbstractSampleConsumer: class org.apache.jmeter.report.processor.graph.impl.BytesThroughputGraphConsumer#stopProducing(): bytesThroughputOverTime produced 0 samples
2024-01-25 11:13:05,227 INFO o.a.j.r.p.AbstractSampleConsumer: class org.apache.jmeter.report.processor.graph.impl.CodesPerSecondGraphConsumer#stopProducing(): codesPerSecond produced 0 samples
2024-01-25 11:13:05,231 INFO o.a.j.r.p.AbstractSampleConsumer: class org.apache.jmeter.report.processor.graph.impl.ResponseTimeVSRequestGraphConsumer#stopProducing(): responseTimeVsRequest produced 0 samples
2024-01-25 11:13:05,231 INFO o.a.j.r.p.AbstractSampleConsumer: class org.apache.jmeter.report.processor.FilterConsumer#stopProducing(): startIntervalControlerFilter produced 21 samples
2024-01-25 11:13:05,231 INFO o.a.j.r.p.AbstractSampleConsumer: class org.apache.jmeter.report.processor.graph.impl.TotalTPSGraphConsumer#stopProducing(): totalTPS produced 0 samples
2024-01-25 11:13:05,232 INFO o.a.j.r.p.AbstractSampleConsumer: class org.apache.jmeter.report.processor.graph.impl.ActiveThreadsGraphConsumer#stopProducing(): activeThreadsOverTime produced 0 samples
2024-01-25 11:13:05,232 INFO o.a.j.r.p.AbstractSampleConsumer: class org.apache.jmeter.report.processor.graph.impl.TimeVSThreadGraphConsumer#stopProducing(): timeVsThreads produced 0 samples
2024-01-25 11:13:05,233 INFO o.a.j.r.p.AbstractSampleConsumer: class org.apache.jmeter.report.processor.graph.impl.ResponseTimeDistributionGraphConsumer#stopProducing(): responseTimeDistribution produced 0 samples
2024-01-25 11:13:05,233 INFO o.a.j.r.p.AbstractSampleConsumer: class org.apache.jmeter.report.processor.graph.impl.TransactionsPerSecondGraphConsumer#stopProducing(): transactionsPerSecond produced 0 samples
2024-01-25 11:13:05,233 INFO o.a.j.r.p.AbstractSampleConsumer: class org.apache.jmeter.report.processor.graph.impl.ResponseTimePercentilesGraphConsumer#stopProducing(): responseTimePercentiles produced 0 samples
2024-01-25 11:13:05,234 INFO o.a.j.r.p.AbstractSampleConsumer: class org.apache.jmeter.report.processor.graph.impl.ResponseTimePercentilesOverTimeGraphConsumer#stopProducing(): responseTimePercentilesOverTime produced 0 samples
2024-01-25 11:13:05,235 INFO o.a.j.r.p.AbstractSampleConsumer: class org.apache.jmeter.report.processor.graph.impl.ResponseTimeOverTimeGraphConsumer#stopProducing(): responseTimesOverTime produced 0 samples
2024-01-25 11:13:05,235 INFO o.a.j.r.p.AbstractSampleConsumer: class org.apache.jmeter.report.processor.graph.impl.ConnectTimeOverTimeGraphConsumer#stopProducing(): connectTimeOverTime produced 0 samples
2024-01-25 11:13:05,235 INFO o.a.j.r.p.AbstractSampleConsumer: class org.apache.jmeter.report.processor.graph.impl.LatencyOverTimeGraphConsumer#stopProducing(): latenciesOverTime produced 0 samples
2024-01-25 11:13:05,235 INFO o.a.j.r.p.AbstractSampleConsumer: class org.apache.jmeter.report.processor.FilterConsumer#stopProducing(): nameFilter produced 45 samples
2024-01-25 11:13:05,235 INFO o.a.j.r.p.AbstractSampleConsumer: class org.apache.jmeter.report.processor.FilterConsumer#stopProducing(): dateRangeFilter produced 9 samples
2024-01-25 11:13:05,235 INFO o.a.j.r.p.AbstractSampleConsumer: class org.apache.jmeter.report.processor.NormalizerSampleConsumer#stopProducing(): normalizer produced 3 samples
2024-01-25 11:13:05,236 INFO o.a.j.r.p.CsvFileSampleSource: produce(): 3 samples produced in 79ms on channel 0
2024-01-25 11:13:05,236 INFO o.a.j.r.d.ReportGenerator: Exporting data using exporter:'json' of className:'org.apache.jmeter.report.dashboard.JsonExporter'
2024-01-25 11:13:05,366 INFO o.a.j.r.d.JsonExporter: Found data for consumer statisticsSummary in context
2024-01-25 11:13:05,366 INFO o.a.j.r.d.JsonExporter: Creating statistics for overall
2024-01-25 11:13:05,369 INFO o.a.j.r.d.JsonExporter: Creating statistics for other transactions
2024-01-25 11:13:05,370 INFO o.a.j.r.d.JsonExporter: Checking output folder
2024-01-25 11:13:05,371 INFO o.a.j.r.d.JsonExporter: Writing statistics JSON to C:\Users\Admin\Downloads\apache-jmeter-5.6.3\apache-jmeter-5.6.3\results\capstoneHtml\statistics.json
2024-01-25 11:13:05,418 INFO o.a.j.r.d.ReportGenerator: Exporting data using exporter:'html' of className:'org.apache.jmeter.report.dashboard.HtmlTemplateExporter'
2024-01-25 11:13:05,421 INFO o.a.j.r.d.HtmlTemplateExporter: Will generate dashboard in folder: C:\Users\Admin\Downloads\apache-jmeter-5.6.3\apache-jmeter-5.6.3\results\capstoneHtml
2024-01-25 11:13:05,575 INFO o.a.j.r.d.HtmlTemplateExporter: Report will be generated in: C:\Users\Admin\Downloads\apache-jmeter-5.6.3\apache-jmeter-5.6.3\results\capstoneHtml, creating folder structure
2024-01-25 11:13:05,580 INFO o.a.j.r.d.TemplateVisitor: Copying folder from 'C:\Users\Admin\Downloads\apache-jmeter-5.6.3\apache-jmeter-5.6.3\bin\report-template' to 'C:\Users\Admin\Downloads\apache-jmeter-5.6.3\apache-jmeter-5.6.3\results\capstoneHtml', got message: C:\Users\Admin\Downloads\apache-jmeter-5.6.3\apache-jmeter-5.6.3\results\capstoneHtml, found non empty folder with following content [C:\Users\Admin\Downloads\apache-jmeter-5.6.3\apache-jmeter-5.6.3\results\capstoneHtml\statistics.json], will be ignored
2024-01-25 11:13:06,418 INFO o.a.j.JMeter: Dashboard generated
